0:100  0:100  MemLog inited, TSC freq: 3192613739
0:100  0:000  CPU was calibrated with ACPI PM Timer
0:100  0:000  
0:100  0:000  Now is 13.10.2020,  09:49:32 (GMT)
0:100  0:000  Starting Clover revision: 5119 (master, commit 0f5da727e) on American Megatrends EFI
0:100  0:000  Build with: [Args: -D NO_GRUB_DRIVERS_EMBEDDED -t GCC53 | -D NO_GRUB_DRIVERS_EMBEDDED --conf=/Users/sergey/src/Clover/Conf -D USE_LOW_EBDA -a X64 -b RELEASE -t GCC53 -n 5 | OS: 10.14.6]
0:100  0:000  SelfDevicePath=PciRoot(0x0)\Pci(0x1F,0x2)\Sata(0x1,0xFFFF,0x0)\HD(1,GPT,B3CCC09A-2EC1-440A-A1FA-DA84E822B217,0x28,0x64000) @DAE4E218
0:100  0:000  SelfDirPath = \EFI\BOOT
0:100  0:000  Clover : Image base = 0xCCA82000
0:100  0:000  SimpleTextEx Status=Success
0:100  0:000  === [ Get Smbios ] ==============================
0:100  0:000  Type 16 Index = 0
0:100  0:000  Total Memory Slots Count = 2
0:100  0:000  Type 17 Index = 0
0:100  0:000  SmbiosTable.Type17->Speed = 1600MHz
0:100  0:000  SmbiosTable.Type17->Size = 8192MB
0:100  0:000  SmbiosTable.Type17->Bank/Device = BANK 1 DIMM1
0:100  0:000  SmbiosTable.Type17->Vendor = Hynix/Hyundai
0:100  0:000  SmbiosTable.Type17->SerialNumber = 053E29BC
0:100  0:000  SmbiosTable.Type17->PartNumber = HMT41GU6BFR8A-PB      
0:100  0:000  Type 17 Index = 1
0:100  0:000  Ignoring insane frequency value 0MHz
0:100  0:000  SmbiosTable.Type17->Speed = 0MHz
0:100  0:000  SmbiosTable.Type17->Size = 0MB
0:100  0:000  SmbiosTable.Type17->Bank/Device = BANK 2 DIMM2
0:100  0:000  SmbiosTable.Type17->Vendor = 
0:100  0:000  SmbiosTable.Type17->SerialNumber = 
0:100  0:000  SmbiosTable.Type17->PartNumber = 
0:100  0:000  Boot status=0
0:100  0:000  Running on: 'Aspire TC-705' with board 'Aspire TC-705'
0:100  0:000  === [ GetCPUProperties ] ========================
0:100  0:000  CPU Vendor = 756E6547 Model=306C3
0:100  0:000   The CPU supported SSE4.1
0:100  0:000  BrandString = Intel(R) Core(TM) i5-4460  CPU @ 3.20GHz
0:100  0:000   The CPU supported turbo
0:100  0:000  MSR 0x35               40004
0:100  0:000  MSR 0xE2 before patch 1E008405
0:100  0:000  MSR 0xE2 is locked, PM patches will be turned on
0:100  0:000  MSR 0xCE              00080838_F3012000
0:100  0:000  corrected FLEX_RATIO = 0
0:100  0:000  MSR 0x1B0             00000000
0:100  0:000  FSBFrequency = 100 MHz, DMI FSBFrequency = 100 MHz, Corrected FSBFrequency = 100 MHz
0:100  0:000  MaxDiv/MinDiv: 32.0/8
0:100  0:000  Turbo: 32/33/34/34
0:100  0:000  Features: 0x77FAFBBFBFEBFBFF
0:100  0:000  Threads: 4
0:100  0:000  Cores: 4
0:100  0:000  FSB: 100 MHz
0:100  0:000  CPU: 3200 MHz
0:100  0:000  TSC: 3200 MHz
0:100  0:000  PIS: 100 MHz
0:100  0:000  ExternalClock: 25 MHz
0:100  0:000  === [ GetDevices ] ==============================
0:100  0:000  GOP found at: PciRoot(0x0)/Pci(0x1,0x0)/Pci(0x0,0x0)/Ctrl(0x0)/AcpiAdr(0x80010310)
0:100  0:000  PCI (00|00:00.00) : 8086 0C00 class=060000
0:100  0:000  PCI (00|00:01.00) : 8086 0C01 class=060400
0:100  0:000  PCI (00|01:00.00) : 10DE 128B class=030000
0:100  0:000   - GOP: Provided by device
0:100  0:000   - GFX: Model=Zotac GeForce GT 710 family 106 (Kepler)
0:100  0:000  PCI (00|01:00.01) : 10DE 0E0F class=040300
0:100  0:000   - HDMI Audio: 
0:100  0:000  PCI (00|00:14.00) : 8086 8C31 class=0C0330
0:100  0:000  PCI (00|00:16.00) : 8086 8C3A class=078000
0:100  0:000  PCI (00|00:16.01) : FFFF FFFF class=FFFFFF
0:100  0:000  PCI (00|00:1A.00) : 8086 8C2D class=0C0320
0:100  0:000  PCI (00|00:1B.00) : 8086 8C20 class=040300
0:100  0:000  PCI (00|00:1C.00) : 8086 8C10 class=060400
0:100  0:000  PCI (00|00:1C.02) : 8086 8C14 class=060400
0:100  0:000  PCI (00|03:00.00) : 10EC 8168 class=020000
0:100  0:000   - LAN: 0 Vendor=Realtek
0:100  0:000  PCI (00|00:1C.04) : 8086 8C18 class=060400
0:100  0:000  PCI (00|04:00.00) : 14E4 43A0 class=028000
0:100  0:000   - WIFI: Vendor=5348 = Broadcom
0:100  0:000  PCI (00|00:1D.00) : 8086 8C26 class=0C0320
0:100  0:000  PCI (00|00:1F.00) : 8086 8C5C class=060100
0:100  0:000  PCI (00|00:1F.02) : 8086 8C02 class=010601
0:100  0:000  PCI (00|00:1F.03) : 8086 8C22 class=0C0500
0:100  0:000  PCI (00|00:1F.06) : 8086 8C24 class=118000
0:100  0:000  === [ GetDefaultSettings ] ======================
0:100  0:000  Clover load options size = 4 bytes
0:103  0:003  CheckOEMPathExists tried EFI\CLOVER\OEM\Aspire TC-705--00-00-00-00-00-00. Dir not exists
0:103  0:000  CheckOEMPathExists tried EFI\CLOVER\OEM\Aspire TC-705\UEFI. Dir not exists
0:103  0:000  CheckOEMPathExists tried EFI\CLOVER\OEM\Aspire TC-705. Dir not exists
0:103  0:000  CheckOEMPathExists tried EFI\CLOVER\OEM\Aspire TC-705-3200. Dir not exists
0:103  0:000  CheckOEMPathExists tried EFI\CLOVER\OEM\Aspire TC-705. Dir not exists
0:103  0:000  CheckOEMPathExists tried EFI\CLOVER\OEM\Aspire TC-705-3200. Dir not exists
0:103  0:000  set OEMPath by default: EFI\CLOVER
0:106  0:002  EFI\CLOVER\config.plist loaded: Success
0:106  0:000  === [ GetListOfThemes ] =========================
0:108  0:002  - [00]: Clovy
0:117  0:009  - [01]: Catalina
0:123  0:005  - [02]: OlarilaAnimation
0:128  0:004  === [ Found config plists ] =====================
0:128  0:000  - config.plist
0:128  0:000  === [ GetEarlyUserSettings ] ====================
0:128  0:000  timeout set to 5
0:128  0:000  Custom boot CUSTOM_BOOT_USER_DISABLED (0x0)
0:128  0:000   get BlueValue=1.200000
0:128  0:000  KextsToPatch: 9 requested
0:128  0:000   - [00]: com.apple.driver.usb.AppleUSBXHCIPCI (USB port limit patch) :: MatchOS: 10.11.x :: BinPatch :: data len: 7
0:128  0:000   - [01]: com.apple.driver.usb.AppleUSBXHCIPCI (USB port limit patch) :: MatchOS: 10.12.x :: BinPatch :: data len: 7
0:128  0:000   - [02]: com.apple.driver.usb.AppleUSBXHCI (USB port limit patch by PMHeart) :: MatchOS: 10.13.x :: BinPatch :: data len: 10
0:128  0:000   - [03]: com.apple.iokit.IOUSBHostFamily (USB port limit patch #1 10.14.x modify by DalianSky(credit ydeng)) :: MatchOS: 10.14.x :: BinPatch :: data len: 4
0:128  0:000   - [04]: com.apple.iokit.IOUSBHostFamily (USB port limit patch #2 10.14.x modify by DalianSky(credit PMHeart)) :: MatchOS: 10.14.x :: BinPatch :: data len: 4
0:128  0:000   - [05]: com.apple.driver.usb.AppleUSBXHCI (USB Port limit patch #3 10.14.x modify by DalianSky(credits PMheart)) :: MatchOS: 10.14.x :: BinPatch :: data len: 4
0:128  0:000   - [06]: com.apple.driver.usb.AppleUSBXHCI (USB Port limit patch #4 10.14.x modify by DalianSky(credits PMheart)) :: MatchOS: 10.14.x :: BinPatch :: data len: 4
0:128  0:000   - [07]: com.apple.iokit.IOUSBHostFamily (USB Port limit patch #1(credits PMheart)) :: MatchOS: 10.15.x :: BinPatch :: data len: 4
0:128  0:000   - [08]: com.apple.driver.usb.AppleUSBXHCI (USB Port limit patch #2(credits PMheart)) :: MatchOS: 10.15.x :: BinPatch :: data len: 4
0:128  0:000  Default theme: Catalina
0:128  0:000  Hiding entries with string Recovery
0:128  0:000  Hiding entries with string Preboot
0:128  0:000  Hiding entries with string VM
0:128  0:000  === [ LoadDrivers ] =============================
0:132  0:003  Loading AudioDxe.efi  status=Success
0:133  0:001   - driver needs connecting
0:133  0:000  Loading DataHubDxe.efi  status=Success
0:142  0:008  Loading FSInject.efi  status=Success
0:143  0:001  Loading SMCHelper.efi  status=Success
0:144  0:000  Loading ApfsDriverLoader.efi  status=Success
0:145  0:000   - driver needs connecting
0:145  0:000  Loading VBoxHfs.efi  status=Success
0:145  0:000   - driver needs connecting
0:145  0:000  Loading FwRuntimeServices.efi  status=Success
0:246  0:101  Loading HFSPlus.efi  status=Success
0:247  0:000   - driver needs connecting
0:247  0:000  Loading OcQuirks.efi  status=Success
0:348  0:101  4 drivers needs connecting ...
0:348  0:000  PlatformDriverOverrideProtocol not found. Installing ... Success
0:348  0:000  HFS+ driver loaded
0:348  0:000  APFS driver loaded
0:348  0:000  Searching for invalid DiskIo BY_DRIVER connects: not found, all ok
4:989  4:640  === [ InitScreen ] ==============================
4:989  0:000  Console modes reported: 4, available modes:
4:989  0:000   - [01]: 80x25 (current mode)
4:989  0:000   - [02]: 80x50
4:989  0:000   - [03]: 100x31
4:989  0:000   - [04]: 240x56
4:989  0:000  SetScreenResolution: 1920x1080 - already set
4:989  0:000  reinit: self device path=PciRoot(0x0)\Pci(0x1F,0x2)\Sata(0x1,0xFFFF,0x0)\HD(1,GPT,B3CCC09A-2EC1-440A-A1FA-DA84E822B217,0x28,0x64000)
4:989  0:000  new SelfHandle=DAE4E218
4:991  0:001  Using embedded font
4:991  0:000  === [ GetMacAddress ] ===========================
4:991  0:000   get legacy LAN MAC, 1 card found
4:991  0:000  Legacy MAC address of LAN #0= FF:FF:FF:FF:FF:FF:
4:991  0:000  === [ ScanSPD ] =================================
4:991  0:000  Scanning SMBus [8086:8C22], mmio: 0xF7115004, ioport: 0xF000, hostc: 0x11
5:011  0:019  Slot: 2 Type 24 8192MB 1600MHz Vendor=SK Hynix PartNo=HMT41GU6BFR8A-PBN0 SerialNo=053E29BC
5:011  0:000  === [ GetAcpiTablesList ] =======================
5:011  0:000  Get Acpi Tables List from RSDT:
5:011  0:000   - [00]: FACP  ACRPRDCT len=132
5:011  0:000   - [01]: APIC  ACRPRDCT len=114
5:011  0:000   - [02]: FPDT  ACRPRDCT len=68
5:011  0:000   - [03]: MSDM  ACRPRDCT len=85
5:011  0:000   - [04]: DBGP  ACRPRDCT len=52
5:011  0:000   - [05]: SSDT  Cpu0Ist len=1337
5:011  0:000   - [06]: SSDT  CpuPm len=2776
5:011  0:000   - [07]: MCFG  ACRPRDCT len=60
5:011  0:000   - [08]: HPET  ACRPRDCT len=56
5:011  0:000   - [09]: SSDT  SataTabl len=877
5:011  0:000   - [10]: SSDT  SaSsdt  len=13608
5:011  0:000   - [11]: BGRT  ACRPRDCT len=56
5:011  0:000   - [12]: DMAR  HSW  len=128
5:011  0:000  Calibrated TSC Frequency = 3192613739 = 3192MHz
5:012  0:000  === [ GetUserSettings ] =========================
5:012  0:000  Add 1 devices (kTagTypeDict):
5:012  0:000  USB FixOwnership: yes
5:012  0:000  Dropping 1 tables:
5:012  0:000   - [00]: Drop table  signature="DMAR" (52414D44)
5:012  0:000  ----
5:012  0:000           - set table: 52414D44,                0 to drop: yes
5:012  0:000   - final DSDT Fix mask=10060054
5:012  0:000  PatchesDSDT: 12 requested
5:012  0:000   - [00]: (EHC1 to EH01) lenToFind: 4, lenToReplace: 4, Target Bridge: 
5:012  0:000   - [01]: (EHC2 to EH02) lenToFind: 4, lenToReplace: 4, Target Bridge: 
5:012  0:000   - [02]: (EUSB to EH01) lenToFind: 4, lenToReplace: 4, Target Bridge: 
5:012  0:000   - [03]: (USBE to EH02) lenToFind: 4, lenToReplace: 4, Target Bridge: 
5:012  0:000   - [04]: (GFX0 to IGPU) lenToFind: 4, lenToReplace: 4, Target Bridge: 
5:012  0:000   - [05]: (HECI to IMEI) lenToFind: 4, lenToReplace: 4, Target Bridge: 
5:012  0:000   - [06]: (SAT0 to SATA) lenToFind: 4, lenToReplace: 4, Target Bridge: 
5:012  0:000   - [07]: (HDAS to HDEF) lenToFind: 4, lenToReplace: 4, Target Bridge: 
5:012  0:000   - [08]: (EC0 to EC) lenToFind: 4, lenToReplace: 4, Target Bridge: 
5:012  0:000    patch disabled at config
5:012  0:000   - [09]: (H_EC to EC) lenToFind: 4, lenToReplace: 4, Target Bridge: 
5:012  0:000    patch disabled at config
5:012  0:000   - [10]: (ECDV to EC) lenToFind: 4, lenToReplace: 4, Target Bridge: 
5:012  0:000    patch disabled at config
5:012  0:000   - [11]: (PNP0C09 to PNPFFFF) lenToFind: 4, lenToReplace: 4, Target Bridge: 
5:012  0:000  smartUPS: present
5:012  0:000  Using ProductName from config: iMac16,1
5:012  0:000  Using latest BiosVersion from config
5:012  0:000  BiosVersion: IM161.88Z.F000.B00.1910301927
5:012  0:000  BiosReleaseDate: 10/30/2019
5:012  0:000  Using latest EfiVersion from clover: 234.0.0.0.0
5:012  0:000  Using FirmwareFeatures from config: 0xFC0FE137
5:012  0:000  Using FirmwareFeaturesMask from config: 0xFF1FFF3F
5:012  0:000  Board-ID set from config as Mac-A369DDC4E67F1C45
5:012  0:000  BoardType: 0xA
5:012  0:000  ChassisType: 0x9
5:012  0:000  Converted CustomUUID D2406E7B-56C5-5FF7-BCBD-26B409C9A3C3
5:013  0:000  === [ Found DSDT tables ] =======================
5:719  0:706  === [ ScanVolumes ] =============================
5:719  0:000  Found 16 volumes with blockIO
5:719  0:000  - [00]: Volume: PciRoot(0x0)\Pci(0x1F,0x2)\Sata(0x0,0xFFFF,0x0)
5:823  0:103  Detected name ESD_ISO
5:823  0:000          Found Windows DVD
5:823  0:000          Result of bootcode detection: bootable unknown (win)
5:823  0:000  - [01]: Volume: PciRoot(0x0)\Pci(0x1F,0x2)\Sata(0x1,0xFFFF,0x0)
5:823  0:000  - [02]: Volume: PciRoot(0x0)\Pci(0x1F,0x2)\Sata(0x4,0xFFFF,0x0)
5:824  0:000  - [03]: Volume: PciRoot(0x0)\Pci(0x1F,0x2)\Sata(0x0,0xFFFF,0x0)\CDROM(0x0)
5:824  0:000  - [04]: Volume: PciRoot(0x0)\Pci(0x1F,0x2)\Sata(0x0,0xFFFF,0x0)\CDROM(0x1)
5:928  0:104  Detected name $
5:928  0:000          Result of bootcode detection: bootable unknown (legacy)
6:017  0:088  - [05]: Volume: PciRoot(0x0)\Pci(0x1F,0x2)\Sata(0x1,0xFFFF,0x0)\HD(1,GPT,B3CCC09A-2EC1-440A-A1FA-DA84E822B217,0x28,0x64000)
6:017  0:000          Result of bootcode detection: bootable unknown (legacy)
6:024  0:006          This is SelfVolume !!
6:024  0:000  - [06]: Volume: PciRoot(0x0)\Pci(0x1F,0x2)\Sata(0x1,0xFFFF,0x0)\HD(2,GPT,D202E918-DC69-44B2-AC0F-8DAA8929EFA2,0x64028,0x3A321FE0)
6:025  0:000          Result of bootcode detection: bootable unknown (legacy)
6:025  0:000  - [07]: Volume: PciRoot(0x0)\Pci(0x1F,0x2)\Sata(0x4,0xFFFF,0x0)\HD(1,GPT,FCD163BC-3901-4809-AB6E-17DEAE2ACA69,0x800,0xF9800)
6:025  0:000          Result of bootcode detection: bootable Windows (vista,win)
6:025  0:000  - [08]: Volume: PciRoot(0x0)\Pci(0x1F,0x2)\Sata(0x4,0xFFFF,0x0)\HD(2,GPT,13653913-F6E4-470F-8B30-3A268DC50F90,0xFA000,0x32000)
6:026  0:000          Result of bootcode detection: bootable Windows (vista,win)
6:032  0:005  - [09]: Volume: PciRoot(0x0)\Pci(0x1F,0x2)\Sata(0x4,0xFFFF,0x0)\HD(3,GPT,28548DF2-9ABF-4E86-A79B-6745082C7788,0x12C000,0x8000)
6:032  0:000  - [10]: Volume: PciRoot(0x0)\Pci(0x1F,0x2)\Sata(0x4,0xFFFF,0x0)\HD(4,GPT,268C54C2-F77A-4FE3-B3B1-F79876D887CA,0x134000,0x745D2800)
6:033  0:000  - [11]: Volume: PciRoot(0x0)\Pci(0x1F,0x2)\Sata(0x1,0xFFFF,0x0)\HD(2,GPT,D202E918-DC69-44B2-AC0F-8DAA8929EFA2,0x64028,0x3A321FE0)\VenMedia(BE74FCF7-0B7C-49F3-9147-01F4042E6842,29C10A1868EBF341873F952D25FAFAB3)
6:033  0:000          hiding this volume
6:033  0:000  - [12]: Volume: PciRoot(0x0)\Pci(0x1F,0x2)\Sata(0x1,0xFFFF,0x0)\HD(2,GPT,D202E918-DC69-44B2-AC0F-8DAA8929EFA2,0x64028,0x3A321FE0)\VenMedia(BE74FCF7-0B7C-49F3-9147-01F4042E6842,153FC83454EC2F40A12BAB8703F4DF7E)
6:033  0:000  - [13]: Volume: PciRoot(0x0)\Pci(0x1F,0x2)\Sata(0x1,0xFFFF,0x0)\HD(2,GPT,D202E918-DC69-44B2-AC0F-8DAA8929EFA2,0x64028,0x3A321FE0)\VenMedia(BE74FCF7-0B7C-49F3-9147-01F4042E6842,0130B1E38A1551478297F7CBC7867999)
6:033  0:000          hiding this volume
6:033  0:000  - [14]: Volume: PciRoot(0x0)\Pci(0x1F,0x2)\Sata(0x1,0xFFFF,0x0)\HD(2,GPT,D202E918-DC69-44B2-AC0F-8DAA8929EFA2,0x64028,0x3A321FE0)\VenMedia(BE74FCF7-0B7C-49F3-9147-01F4042E6842,9CEAE47B09A3E9419F97ACAE741A9F69)
6:033  0:000          hiding this volume
6:033  0:000  - [15]: Volume: PciRoot(0x0)\Pci(0x1F,0x2)\Sata(0x1,0xFFFF,0x0)\HD(2,GPT,D202E918-DC69-44B2-AC0F-8DAA8929EFA2,0x64028,0x3A321FE0)\VenMedia(BE74FCF7-0B7C-49F3-9147-01F4042E6842,3560D2570A49CC4A96BECAD39D5E8E21)
6:033  0:000  found 2 handles with audio
6:033  0:000  No AudioIoDevice stored
6:033  0:000  no stored audio parameters
6:033  0:000  Found Audio Device Nvidia (Unknown) (HDMI) at index 0
6:033  0:000  Found Audio Device Nvidia (Unknown) (HDMI) at index 1
6:033  0:000  Found Audio Device Realtek ALC662v2 (LineOut) at index 2
6:033  0:000  Found Audio Device Realtek ALC662v2 (Headphones) at index 3
6:033  0:000  === [ InitXTheme ] ==============================
6:033  0:000  use Daylight theme
6:041  0:007  Using theme 'Catalina' (EFI\CLOVER\themes\Catalina)
6:041  0:000  chosen theme Catalina
6:041  0:000  OS main and drive as badge
6:167  0:125  sound play end with status=Device Error
6:170  0:002  theme inited
6:170  0:000  Chosen theme Catalina
6:170  0:000  after NVRAM boot-args=dart=0 -no_compat_check
6:170  0:000  === [ Dump SMC keys from NVRAM ] ================
6:170  0:000  found AppleSMC protocol
6:185  0:015  Registered 17 SMC keys
6:186  0:001  === [ ScanLoader ] ==============================
6:186  0:000  - [04]: '$'
6:186  0:000          AddLoaderEntry for Volume Name=$
6:186  0:000  IconName=unknown comma=-1 size=7
6:186  0:000    Full=unknown
6:186  0:000      Loader entry created for 'PciRoot(0x0)\Pci(0x1F,0x2)\Sata(0x0,0xFFFF,0x0)\CDROM(0x1)\EFI\BOOT\BOOTX64.efi'
6:186  0:000  - [05]: 'EFI'
6:187  0:000          AddLoaderEntry for Volume Name=EFI
6:187  0:000          skipped because entry is hidden
6:187  0:000  - [07]: 'Ripristino'
6:187  0:000  - [08]: 'EFI'
6:187  0:000  - [11]: 'Preboot', hidden
6:187  0:000  - [12]: 'Macintosh - Dati'
6:200  0:012  - [13]: 'Recovery', hidden
6:200  0:000  - [14]: 'VM', hidden
6:200  0:000  - [15]: 'Macintosh'
6:221  0:021          AddLoaderEntry for Volume Name=Macintosh
6:229  0:007      Check if volume Is Hibernated:
6:229  0:000      Check sleep image 'by signature':
6:233  0:003      using default sleep image name = \private\var\vm\sleepimage
6:236  0:003      sleepimage not found -> Not Found
6:236  0:000      hibernated: no - sign
6:236  0:000  IconName=cata,mac comma=4 size=8
6:236  0:000    first=os_cata
6:236  0:000      Loader entry created for 'PciRoot(0x0)\Pci(0x1F,0x2)\Sata(0x1,0xFFFF,0x0)\HD(2,GPT,D202E918-DC69-44B2-AC0F-8DAA8929EFA2,0x64028,0x3A321FE0)\VenMedia(BE74FCF7-0B7C-49F3-9147-01F4042E6842,3560D2570A49CC4A96BECAD39D5E8E21)\System\Library\CoreServices\boot.efi'
6:236  0:000  Scanning legacy ...
6:236  0:000  IconName=win comma=-1 size=3
6:236  0:000    Full=win
6:237  0:000  IconName=vista,win comma=5 size=9
6:237  0:000    first=os_vista
6:237  0:000  IconName=vista,win comma=5 size=9
6:237  0:000    first=os_vista
6:237  0:000  === [ AddCustomTool ] ===========================
6:239  0:001  === [ GetEfiBootDeviceFromNvram ] ===============
6:239  0:000   - efi-boot-device-data: PciRoot(0x0)\Pci(0x1F,0x2)\Sata(0x4,0xFFFF,0x0)\HD(2,GPT,13653913-F6E4-470F-8B30-3A268DC50F90,0xFA000,0x32000)
6:239  0:000    - Volume: 'PciRoot(0x0)\Pci(0x1F,0x2)\Sata(0x4,0xFFFF,0x0)\HD(2,GPT,13653913-F6E4-470F-8B30-3A268DC50F90,0xFA000,0x32000)'
6:239  0:000    - LoaderPath: ''
6:239  0:000    - Guid = 13653913-F6E4-470F-8B30-3A268DC50F90
6:239  0:000  === [ FindStartupDiskVolume ] ===================
6:239  0:000    - Volume: partition = PciRoot(0x0)\Pci(0x1F,0x2)\Sata(0x4,0xFFFF,0x0)\HD(2,GPT,13653913-F6E4-470F-8B30-3A268DC50F90,0xFA000,0x32000)
6:239  0:000     - searching for that partition
6:239  0:000      - found entry 4. 'Boot  from EFI', Volume 'EFI'
6:239  0:000  Boot redirected to Entry 4. 'Boot  from EFI'
6:239  0:000  BannerPlace at Clear Screen [928,288]
6:328  0:089  AnimeRun=0
6:336  0:007  GUI ready
26:131  19:795  Boot option 0 has other volume name Install macOS Beta
26:131  0:000  SetStartupDiskVolume:
26:131  0:000    * Volume: 'ESD_ISO'
26:131  0:000    * LoaderPath: ''
26:131  0:000    * DevPath: ESD_ISO
26:131  0:000    * GUID = <null guid>
26:345  0:213  CDROMBoot: Booting LBA 1484 @7C00 L4000
