
Clover Installer r5119 (0f5da727e) (installer library v1.1.5), 2020-06-07 04:23:41
macOS Version 10.15.4 (Build 19E287)
SELF = /Applications/Clover.app/Contents/MacOS/CloverDaemonNew
Target volume: /Volumes/EFI
BSD Name:      disk0s1
Filesystem:    FAT32
Is internal:   true
Is writable:   true
Installation type: UEFI

/dev/disk0 (internal, physical):
   #:                       TYPE NAME                    SIZE       IDENTIFIER
   0:      GUID_partition_scheme                        *500.1 GB   disk0
   1:                        EFI EFI                     209.7 MB   disk0s1
   2:                 Apple_APFS Container disk1         499.9 GB   disk0s2

/dev/disk1 (synthesized):
   #:                       TYPE NAME                    SIZE       IDENTIFIER
   0:      APFS Container Scheme -                      +499.9 GB   disk1
                                 Physical Store disk0s2
   1:                APFS Volume Senza nome - Dati       147.1 GB   disk1s1
   2:                APFS Volume Preboot                 82.1 MB    disk1s2
   3:                APFS Volume Recovery                528.1 MB   disk1s3
   4:                APFS Volume VM                      3.2 GB     disk1s4
   5:                APFS Volume Senza nome              11.1 GB    disk1s5

/dev/disk2 (internal, physical):
   #:                       TYPE NAME                    SIZE       IDENTIFIER
   0:      GUID_partition_scheme                        *1.0 TB     disk2
   1:                        EFI EFI                     209.7 MB   disk2s1
   2:                 Apple_APFS Container disk3         500.0 GB   disk2s2
   3:       Microsoft Basic Data S  2                    500.0 GB   disk2s4

/dev/disk3 (synthesized):
   #:                       TYPE NAME                    SIZE       IDENTIFIER
   0:      APFS Container Scheme -                      +500.0 GB   disk3
                                 Physical Store disk2s2
   1:                APFS Volume Macintosh - Data        133.0 GB   disk3s1
   2:                APFS Volume Preboot                 82.2 MB    disk3s2
   3:                APFS Volume Recovery                528.1 MB   disk3s3
   4:                APFS Volume VM                      4.3 GB     disk3s4
   5:                APFS Volume Macintosh               11.2 GB    disk3s5

/dev/disk4 (external, physical):
   #:                       TYPE NAME                    SIZE       IDENTIFIER
   0:      GUID_partition_scheme                        *4.1 GB     disk4
   1:                        EFI EFI                     209.7 MB   disk4s1
   2:       Microsoft Basic Data UNTITLED                3.9 GB     disk4s2

/dev/disk5 (external, physical):
   #:                       TYPE NAME                    SIZE       IDENTIFIER
   0:      GUID_partition_scheme                        *15.4 GB    disk5
   1:                        EFI EFI                     209.7 MB   disk5s1
   2:                  Apple_HFS Install macOS Catalina  8.7 GB     disk5s2

/dev/disk6 (disk image):
   #:                       TYPE NAME                    SIZE       IDENTIFIER
   0:      GUID_partition_scheme                        +58.5 MB    disk6
   1:                  Apple_HFS Chiaki                  58.4 MB    disk6s1




Installing/Updating Clover:
+ ../BOOT/BOOTX64.efi
+ ../CLOVER/CLOVERX64.efi

Installing/Updating drivers:
+ ../UEFI/AudioDxe.efi
+ ../UEFI/DataHubDxe.efi
+ ../UEFI/FSInject.efi
+ ../UEFI/SMCHelper.efi
+ ../UEFI/ApfsDriverLoader.efi
+ ../UEFI/VBoxHfs.efi

Installing/Updating tools:
+ ../tools/Shell64.efi
+ ../tools/bdmesg.efi
+ ../tools/Shell64U.efi
+ ../tools/Shell32.efi

Installing/Updating docs:
+ ../doc/UEFI boot with Clover.rtf
+ ../doc/boot1f32-install.sh
+ ../doc/HowToInstallOSX.txt
+ ../doc/HowToFixDsdt.txt
+ ../doc/bcfg.txt
+ ../CLOVER/config.plist

Installing Theme "Clovy":
+ ../themes/Clovy